<?xml version="1.0" encoding="UTF-8"?>
<!-- Generated by org.testng.reporters.JUnitReportReporter -->
<testsuite hostname="DESKTOP-71CLOBB" failures="0" tests="3" name="tests.AddSpecificItemToCart" time="22.789" errors="0" timestamp="2022-08-28T22:39:59 EET" skipped="0">
  <testcase classname="tests.AddSpecificItemToCart" name="searchForItem" time="7.949"/>
  <system-out/>
  <testcase classname="tests.AddSpecificItemToCart" name="addItemToCart" time="11.660"/>
  <system-out/>
  <testcase classname="tests.AddSpecificItemToCart" name="CheckItemAddedToTheCart" time="3.180"/>
  <system-out/>
</testsuite> <!-- tests.AddSpecificItemToCart -->
