<?xml version="1.0" encoding="UTF-8"?>
<!-- Generated by org.testng.reporters.JUnitReportReporter -->
<testsuite hostname="DESKTOP-71CLOBB" failures="0" tests="1" name="tests.temp" time="0.059" errors="0" timestamp="2022-08-26T02:16:19 EET" skipped="0">
  <testcase classname="tests.temp" name="ffff" time="0.059"/>
  <system-out/>
</testsuite> <!-- tests.temp -->
